#
# There is insufficient memory for the Java Runtime Environment to continue.
# Native memory allocation (malloc) failed to allocate 32744 bytes for ChunkPool::allocate
# Possible reasons:
#   The system is out of physical RAM or swap space
#   The process is running with CompressedOops enabled, and the Java Heap may be blocking the growth of the native heap
# Possible solutions:
#   Reduce memory load on the system
#   Increase physical memory or swap space
#   Check if swap backing store is full
#   Decrease Java heap size (-Xmx/-Xms)
#   Decrease number of Java threads
#   Decrease Java thread stack sizes (-Xss)
#   Set larger code cache with -XX:ReservedCodeCacheSize=
#
#  
#
# 
, stack(0x00000039bba00000,0x00000039bbb00000)]

Stack: [0x00000039bba00000,0x00000039bbb00000]
Native frames: (J=compiled Java code, j=interpreted, Vv=VM code, C=native code)
V  [jvm.dll+0x62e9da]
V  [jvm.dll+0x7bc4e9]
V  [jvm.dll+0x7bdbd8]
V  [jvm.dll+0x7be2b3]
V  [jvm.dll+0x2505a8]
V  [jvm.dll+0xc289b]
V  [jvm.dll+0xc2bfc]
V  [jvm.dll+0xd0cca]
V  [jvm.dll+0x68d889]
V  [jvm.dll+0x68d5c7]
V  [jvm.dll+0x68e198]
V  [jvm.dll+0x68d11b]
V  [jvm.dll+0x68e124]
V  [jvm.dll+0x36bc42]
V  [jvm.dll+0x36adca]
V  [jvm.dll+0x36ad68]
V  [jvm.dll+0x3fbfa9]
V  [jvm.dll+0x3bd2d5]
C  [java.dll+0xe05c]

Java frames: (J=compiled Java code, j=interpreted, Vv=VM code)
j  sun.nio.ch.SocketDispatcher.read0(Ljava/io/FileDescriptor;JI)I+0 java.base@11.0.20
j  sun.nio.ch.SocketDispatcher.read(Ljava/io/FileDescriptor;JI)I+4 java.base@11.0.20
j  sun.nio.ch.IOUtil.readIntoNativeBuffer(Ljava/io/FileDescriptor;Ljava/nio/ByteBuffer;JZILsun/nio/ch/NativeDispatcher;)I+134 java.base@11.0.20
j  sun.nio.ch.IOUtil.read(Ljava/io/FileDescriptor;Ljava/nio/ByteBuffer;JZILsun/nio/ch/NativeDispatcher;)I+33 java.base@11.0.20
j  sun.nio.ch.IOUtil.read(Ljava/io/FileDescriptor;Ljava/nio/ByteBuffer;JLsun/nio/ch/NativeDispatcher;)I+7 java.base@11.0.20
j  sun.nio.ch.SocketChannelImpl.read(Ljava/nio/ByteBuffer;)I+132 java.base@11.0.20
j  org.gradle.internal.remote.internal.inet.SocketConnection$SocketInputStream.read([BII)I+62
j  com.esotericsoftware.kryo.io.Input.fill([BII)I+16
j  com.esotericsoftware.kryo.io.Input.require(I)I+174
j  com.esotericsoftware.kryo.io.Input.readVarInt(Z)I+2
j  com.esotericsoftware.kryo.io.Input.readInt(Z)I+2
j  org.gradle.internal.serialize.kryo.KryoBackedDecoder.readSmallInt()I+5
j  org.gradle.internal.serialize.DefaultSerializerRegistry$TaggedTypeSerializer.read(Lorg/gradle/internal/serialize/Decoder;)Ljava/lang/Object;+1
j  org.gradle.internal.serialize.Serializers$StatefulSerializerAdapter$1.read()Ljava/lang/Object;+11
j  org.gradle.internal.remote.internal.inet.SocketConnection.receive()Ljava/lang/Object;+4
j  org.gradle.launcher.daemon.client.DaemonClientConnection.receive()Lorg/gradle/launcher/daemon/protocol/Message;+4
j  org.gradle.launcher.daemon.client.DaemonClientConnection.receive()Ljava/lang/Object;+1
j  org.gradle.launcher.daemon.client.DaemonClient.monitorBuild(Lorg/gradle/launcher/daemon/protocol/Build;Lorg/gradle/launcher/daemon/diagnostics/DaemonDiagnostics;Lorg/gradle/internal/remote/internal/Connection;Lorg/gradle/initialization/BuildCancellationToken;Lorg/gradle/initialization/BuildEventConsumer;)Ljava/lang/Object;+44
j  org.gradle.launcher.daemon.client.DaemonClient.executeBuild(Lorg/gradle/launcher/daemon/protocol/Build;Lorg/gradle/launcher/daemon/client/DaemonClientConnection;Lorg/gradle/initialization/BuildCancellationToken;Lorg/gradle/initialization/BuildEventConsumer;)Lorg/gradle/launcher/exec/BuildActionResult;+128
j  org.gradle.launcher.daemon.client.DaemonClient.execute(Lorg/gradle/internal/invocation/BuildAction;Lorg/gradle/launcher/exec/BuildActionParameters;Lorg/gradle/initialization/BuildRequestContext;)Lorg/gradle/launcher/exec/BuildActionResult;+135
j  org.gradle.launcher.daemon.client.DaemonClient.execute(Lorg/gradle/internal/invocation/BuildAction;Ljava/lang/Object;Ljava/lang/Object;)Lorg/gradle/launcher/exec/BuildActionResult;+10
j  org.gradle.launcher.cli.RunBuildAction.run()V+74
j  org.gradle.internal.Actions$RunnableActionAdapter.execute(Ljava/lang/Object;)V+4
j  org.gradle.launcher.cli.DefaultCommandLineActionFactory$ParseAndBuildAction.execute(Lorg/gradle/launcher/bootstrap/ExecutionListener;)V+60
j  org.gradle.launcher.cli.DefaultCommandLineActionFactory$ParseAndBuildAction.execute(Ljava/lang/Object;)V+5
j  org.gradle.launcher.cli.DebugLoggerWarningAction.execute(Lorg/gradle/launcher/bootstrap/ExecutionListener;)V+9
j  org.gradle.launcher.cli.DebugLoggerWarningAction.execute(Ljava/lang/Object;)V+5
j  org.gradle.launcher.cli.WelcomeMessageAction.execute(Lorg/gradle/launcher/bootstrap/ExecutionListener;)V+218
j  org.gradle.launcher.cli.WelcomeMessageAction.execute(Ljava/lang/Object;)V+5
j  org.gradle.launcher.cli.NativeServicesInitializingAction.execute(Lorg/gradle/launcher/bootstrap/ExecutionListener;)V+35
j  org.gradle.launcher.cli.NativeServicesInitializingAction.execute(Ljava/lang/Object;)V+5
j  org.gradle.launcher.cli.ExceptionReportingAction.execute(Lorg/gradle/launcher/bootstrap/ExecutionListener;)V+5
j  org.gradle.launcher.cli.ExceptionReportingAction.execute(Ljava/lang/Object;)V+5
j  org.gradle.launcher.cli.DefaultCommandLineActionFactory$WithLogging.execute(Lorg/gradle/launcher/bootstrap/ExecutionListener;)V+299
j  org.gradle.launcher.Main.doAction([Ljava/lang/String;Lorg/gradle/launcher/bootstrap/ExecutionListener;)V+14
j  org.gradle.launcher.bootstrap.EntryPoint.run([Ljava/lang/String;)V+12
v  ~StubRoutines::call_stub
j  jdk.internal.reflect.NativeMethodAccessorImpl.invoke0(Ljava/lang/reflect/Method;Ljava/lang/Object;[Ljava/lang/Object;)Ljava/lang/Object;+0 java.base@11.0.20
j  jdk.internal.reflect.NativeMethodAccessorImpl.invoke(Ljava/lang/Object;[Ljava/lang/Object;)Ljava/lang/Object;+100 java.base@11.0.20
j  jdk.internal.reflect.DelegatingMethodAccessorImpl.invoke(Ljava/lang/Object;[Ljava/lang/Object;)Ljava/lang/Object;+6 java.base@11.0.20
j  java.lang.reflect.Method.invoke(Ljava/lang/Object;[Ljava/lang/Object;)Ljava/lang/Object;+59 java.base@11.0.20
j  org.gradle.launcher.bootstrap.ProcessBootstrap.runNoExit(Ljava/lang/String;[Ljava/lang/String;)V+159
j  org.gradle.launcher.bootstrap.ProcessBootstrap.run(Ljava/lang/String;[Ljava/lang/String;)V+2
v  ~StubRoutines::call_stub
j  jdk.internal.reflect.NativeMethodAccessorImpl.invoke0(Ljava/lang/reflect/Method;Ljava/lang/Object;[Ljava/lang/Object;)Ljava/lang/Object;+0 java.base@11.0.20
j  jdk.internal.reflect.NativeMethodAccessorImpl.invoke(Ljava/lang/Object;[Ljava/lang/Object;)Ljava/lang/Object;+100 java.base@11.0.20
j  jdk.internal.reflect.DelegatingMethodAccessorImpl.invoke(Ljava/lang/Object;[Ljava/lang/Object;)Ljava/lang/Object;+6 java.base@11.0.20
j  java.lang.reflect.Method.invoke(Ljava/lang/Object;[Ljava/lang/Object;)Ljava/lang/Object;+59 java.base@11.0.20
j  org.gradle.launcher.GradleMain.main([Ljava/lang/String;)V+100
v  ~StubRoutines::call_stub
j  jdk.internal.reflect.NativeMethodAccessorImpl.invoke0(Ljava/lang/reflect/Method;Ljava/lang/Object;[Ljava/lang/Object;)Ljava/lang/Object;+0 java.base@11.0.20
j  jdk.internal.reflect.NativeMethodAccessorImpl.invoke(Ljava/lang/Object;[Ljava/lang/Object;)Ljava/lang/Object;+100 java.base@11.0.20
j  jdk.internal.reflect.DelegatingMethodAccessorImpl.invoke(Ljava/lang/Object;[Ljava/lang/Object;)Ljava/lang/Object;+6 java.base@11.0.20
j  java.lang.reflect.Method.invoke(Ljava/lang/Object;[Ljava/lang/Object;)Ljava/lang/Object;+59 java.base@11.0.20
j  org.gradle.wrapper.BootstrapMainStarter.start([Ljava/lang/String;Ljava/io/File;)V+105
j  org.gradle.wrapper.WrapperExecutor.execute([Ljava/lang/String;Lorg/gradle/wrapper/Install;Lorg/gradle/wrapper/BootstrapMainStarter;)V+14
j  org.gradle.wrapper.GradleWrapperMain.main([Ljava/lang/String;)V+206
v  ~StubRoutines::call_stub

---------------  P R O C E S S  ---------------

Threads class SMR info:
_java_thread_list=0x0000022dd41fb260, length=13, elements={
0x0000022db89e3800, 0x0000022dd2fd4000, 0x0000022dd2fd5800, 0x0000022dd3068800,
0x0000022dd300f800, 0x0000022dd3013000, 0x0000022dd3018800, 0x0000022dd301e000,
0x0000022dd3074800, 0x0000022dd32cb800, 0x0000022dd3db6800, 0x0000022dd3f25000,
0x0000022dd3f84800
}

Java Threads: ( => current thread )
=>0x0000022db89e3800 JavaThread "main" [_thread_in_vm, id=17848, stack(0x00000039bba00000,0x00000039bbb00000)]
  0x0000022dd2fd4000 JavaThread "Reference Handler" daemon [_thread_blocked, id=9244, stack(0x00000039bc100000,0x00000039bc200000)]
  0x0000022dd2fd5800 JavaThread "Finalizer" daemon [_thread_blocked, id=11816, stack(0x00000039bc200000,0x00000039bc300000)]
  0x0000022dd3068800 JavaThread "Signal Dispatcher" daemon [_thread_blocked, id=7800, stack(0x00000039bc300000,0x00000039bc400000)]
  0x0000022dd300f800 JavaThread "Attach Listener" daemon [_thread_blocked, id=4692, stack(0x00000039bc400000,0x00000039bc500000)]
  0x0000022dd3013000 JavaThread "Service Thread" daemon [_thread_blocked, id=15024, stack(0x00000039bc500000,0x00000039bc600000)]
  0x0000022dd3018800 JavaThread "C2 CompilerThread0" daemon [_thread_blocked, id=11524, stack(0x00000039bc600000,0x00000039bc700000)]
  0x0000022dd301e000 JavaThread "C1 CompilerThread0" daemon [_thread_blocked, id=7108, stack(0x00000039bc700000,0x00000039bc800000)]
  0x0000022dd3074800 JavaThread "Sweeper thread" daemon [_thread_blocked, id=4700, stack(0x00000039bc800000,0x00000039bc900000)]
  0x0000022dd32cb800 JavaThread "Common-Cleaner" daemon [_thread_blocked, id=18636, stack(0x00000039bca00000,0x00000039bcb00000)]
  0x0000022dd3db6800 JavaThread "pool-1-thread-1" [_thread_blocked, id=15996, stack(0x00000039bcc00000,0x00000039bcd00000)]
  0x0000022dd3f25000 JavaThread "DisconnectableInputStream source reader" daemon [_thread_in_native, id=5532, stack(0x00000039bce00000,0x00000039bcf00000)]
  0x0000022dd3f84800 JavaThread "Forward input" [_thread_blocked, id=344, stack(0x00000039bcf00000,0x00000039bd000000)]

Other Threads:
  0x0000022dd2fd2800 VMThread "VM Thread" [stack: 0x00000039bc000000,0x00000039bc100000] [id=10404]
  0x0000022dd32c2000 WatcherThread [stack: 0x00000039bc900000,0x00000039bca00000] [id=6792]
  0x0000022db89fb800 GCTaskThread "GC Thread#0" [stack: 0x00000039bbb00000,0x00000039bbc00000] [id=4828]
  0x0000022dd3728800 GCTaskThread "GC Thread#1" [stack: 0x00000039bcb00000,0x00000039bcc00000] [id=18700]
  0x0000022db8a04800 ConcurrentGCThread "G1 Main Marker" [stack: 0x00000039bbc00000,0x00000039bbd00000] [id=9428]
  0x0000022db8a06000 ConcurrentGCThread "G1 Conc#0" [stack: 0x00000039bbd00000,0x00000039bbe00000] [id=1732]
  0x0000022db8a5b800 ConcurrentGCThread "G1 Refine#0" [stack: 0x00000039bbe00000,0x00000039bbf00000] [id=3356]
  0x0000022db8a5c800 ConcurrentGCThread "G1 Young RemSet Sampling" [stack: 0x00000039bbf00000,0x00000039bc000000] [id=16608]

Threads with active compile tasks:

VM state:not at safepoint (normal execution)

VM Mutex/Monitor currently owned by a thread: None

Heap address: 0x00000000fc000000, size: 64 MB, Compressed Oops mode: 32-bit
Narrow klass base: 0x0000000000000000, Narrow klass shift: 3
Compressed class space size: 1073741824 Address: 0x0000000100000000

Heap:
 garbage-first heap   total 65536K, used 35177K [0x00000000fc000000, 0x0000000100000000)
  region size 1024K, 31 young (31744K), 2 survivors (2048K)
 Metaspace       used 15332K, capacity 15688K, committed 15744K, reserved 1062912K
  class space    used 1744K, capacity 1875K, committed 1920K, reserved 1048576K
Heap Regions: E=young(eden), S=young(survivor), O=old, HS=humongous(starts), HC=humongous(continues), CS=collection set, F=free, A=archive, TAMS=top-at-mark-start (previous, next)
|   0|0x00000000fc000000, 0x00000000fc100000, 0x00000000fc100000|100%| O|  |TAMS 0x00000000fc000000, 0x00000000fc000000| Untracked 
|   1|0x00000000fc100000, 0x00000000fc15a400, 0x00000000fc200000| 35%| O|  |TAMS 0x00000000fc100000, 0x00000000fc100000| Untracked 
|   2|0x00000000fc200000, 0x00000000fc300000, 0x00000000fc300000|100%|HS|  |TAMS 0x00000000fc200000, 0x00000000fc200000| Complete 
|   3|0x00000000fc300000, 0x00000000fc400000, 0x00000000fc400000|100%|HC|  |TAMS 0x00000000fc300000, 0x00000000fc300000| Complete 
|   4|0x00000000fc400000, 0x00000000fc500000, 0x00000000fc500000|100%|HC|  |TAMS 0x00000000fc400000, 0x00000000fc400000| Complete 
|   5|0x00000000fc500000, 0x00000000fc600000, 0x00000000fc600000|100%|HC|  |TAMS 0x00000000fc500000, 0x00000000fc500000| Complete 
|   6|0x00000000fc600000, 0x00000000fc600000, 0x00000000fc700000|  0%| F|  |TAMS 0x00000000fc600000, 0x00000000fc600000| Untracked 
|   7|0x00000000fc700000, 0x00000000fc700000, 0x00000000fc800000|  0%| F|  |TAMS 0x00000000fc700000, 0x00000000fc700000| Untracked 
|   8|0x00000000fc800000, 0x00000000fc800000, 0x00000000fc900000|  0%| F|  |TAMS 0x00000000fc800000, 0x00000000fc800000| Untracked 
|   9|0x00000000fc900000, 0x00000000fc900000, 0x00000000fca00000|  0%| F|  |TAMS 0x00000000fc900000, 0x00000000fc900000| Untracked 
|  10|0x00000000fca00000, 0x00000000fca00000, 0x00000000fcb00000|  0%| F|  |TAMS 0x00000000fca00000, 0x00000000fca00000| Untracked 
|  11|0x00000000fcb00000, 0x00000000fcb00000, 0x00000000fcc00000|  0%| F|  |TAMS 0x00000000fcb00000, 0x00000000fcb00000| Untracked 
|  12|0x00000000fcc00000, 0x00000000fcc00000, 0x00000000fcd00000|  0%| F|  |TAMS 0x00000000fcc00000, 0x00000000fcc00000| Untracked 
|  13|0x00000000fcd00000, 0x00000000fcd00000, 0x00000000fce00000|  0%| F|  |TAMS 0x00000000fcd00000, 0x00000000fcd00000| Untracked 
|  14|0x00000000fce00000, 0x00000000fce00000, 0x00000000fcf00000|  0%| F|  |TAMS 0x00000000fce00000, 0x00000000fce00000| Untracked 
|  15|0x00000000fcf00000, 0x00000000fcf00000, 0x00000000fd000000|  0%| F|  |TAMS 0x00000000fcf00000, 0x00000000fcf00000| Untracked 
|  16|0x00000000fd000000, 0x00000000fd000000, 0x00000000fd100000|  0%| F|  |TAMS 0x00000000fd000000, 0x00000000fd000000| Untracked 
|  17|0x00000000fd100000, 0x00000000fd100000, 0x00000000fd200000|  0%| F|  |TAMS 0x00000000fd100000, 0x00000000fd100000| Untracked 
|  18|0x00000000fd200000, 0x00000000fd200000, 0x00000000fd300000|  0%| F|  |TAMS 0x00000000fd200000, 0x00000000fd200000| Untracked 
|  19|0x00000000fd300000, 0x00000000fd300000, 0x00000000fd400000|  0%| F|  |TAMS 0x00000000fd300000, 0x00000000fd300000| Untracked 
|  20|0x00000000fd400000, 0x00000000fd400000, 0x00000000fd500000|  0%| F|  |TAMS 0x00000000fd400000, 0x00000000fd400000| Untracked 
|  21|0x00000000fd500000, 0x00000000fd500000, 0x00000000fd600000|  0%| F|  |TAMS 0x00000000fd500000, 0x00000000fd500000| Untracked 
|  22|0x00000000fd600000, 0x00000000fd600000, 0x00000000fd700000|  0%| F|  |TAMS 0x00000000fd600000, 0x00000000fd600000| Untracked 
|  23|0x00000000fd700000, 0x00000000fd700000, 0x00000000fd800000|  0%| F|  |TAMS 0x00000000fd700000, 0x00000000fd700000| Untracked 
|  24|0x00000000fd800000, 0x00000000fd800000, 0x00000000fd900000|  0%| F|  |TAMS 0x00000000fd800000, 0x00000000fd800000| Untracked 
|  25|0x00000000fd900000, 0x00000000fd900000, 0x00000000fda00000|  0%| F|  |TAMS 0x00000000fd900000, 0x00000000fd900000| Untracked 
|  26|0x00000000fda00000, 0x00000000fda00000, 0x00000000fdb00000|  0%| F|  |TAMS 0x00000000fda00000, 0x00000000fda00000| Untracked 
|  27|0x00000000fdb00000, 0x00000000fdb00000, 0x00000000fdc00000|  0%| F|  |TAMS 0x00000000fdb00000, 0x00000000fdb00000| Untracked 
|  28|0x00000000fdc00000, 0x00000000fdc00000, 0x00000000fdd00000|  0%| F|  |TAMS 0x00000000fdc00000, 0x00000000fdc00000| Untracked 
|  29|0x00000000fdd00000, 0x00000000fdd00000, 0x00000000fde00000|  0%| F|  |TAMS 0x00000000fdd00000, 0x00000000fdd00000| Untracked 
|  30|0x00000000fde00000, 0x00000000fde00000, 0x00000000fdf00000|  0%| F|  |TAMS 0x00000000fde00000, 0x00000000fde00000| Untracked 
|  31|0x00000000fdf00000, 0x00000000fdf00000, 0x00000000fe000000|  0%| F|  |TAMS 0x00000000fdf00000, 0x00000000fdf00000| Untracked 
|  32|0x00000000fe000000, 0x00000000fe000000, 0x00000000fe100000|  0%| F|  |TAMS 0x00000000fe000000, 0x00000000fe000000| Untracked 
|  33|0x00000000fe100000, 0x00000000fe15ea98, 0x00000000fe200000| 36%| E|  |TAMS 0x00000000fe100000, 0x00000000fe100000| Complete 
|  34|0x00000000fe200000, 0x00000000fe300000, 0x00000000fe300000|100%| E|CS|TAMS 0x00000000fe200000, 0x00000000fe200000| Complete 
|  35|0x00000000fe300000, 0x00000000fe400000, 0x00000000fe400000|100%| E|CS|TAMS 0x00000000fe300000, 0x00000000fe300000| Complete 
|  36|0x00000000fe400000, 0x00000000fe500000, 0x00000000fe500000|100%| E|CS|TAMS 0x00000000fe400000, 0x00000000fe400000| Complete 
|  37|0x00000000fe500000, 0x00000000fe600000, 0x00000000fe600000|100%| E|CS|TAMS 0x00000000fe500000, 0x00000000fe500000| Complete 
|  38|0x00000000fe600000, 0x00000000fe700000, 0x00000000fe700000|100%| E|CS|TAMS 0x00000000fe600000, 0x00000000fe600000| Complete 
|  39|0x00000000fe700000, 0x00000000fe800000, 0x00000000fe800000|100%| E|CS|TAMS 0x00000000fe700000, 0x00000000fe700000| Complete 
|  40|0x00000000fe800000, 0x00000000fe900000, 0x00000000fe900000|100%| E|CS|TAMS 0x00000000fe800000, 0x00000000fe800000| Complete 
|  41|0x00000000fe900000, 0x00000000fea00000, 0x00000000fea00000|100%| E|CS|TAMS 0x00000000fe900000, 0x00000000fe900000| Complete 
|  42|0x00000000fea00000, 0x00000000feb00000, 0x00000000feb00000|100%| E|CS|TAMS 0x00000000fea00000, 0x00000000fea00000| Complete 
|  43|0x00000000feb00000, 0x00000000fec00000, 0x00000000fec00000|100%| E|CS|TAMS 0x00000000feb00000, 0x00000000feb00000| Complete 
|  44|0x00000000fec00000, 0x00000000fed00000, 0x00000000fed00000|100%| E|CS|TAMS 0x00000000fec00000, 0x00000000fec00000| Complete 
|  45|0x00000000fed00000, 0x00000000fee00000, 0x00000000fee00000|100%| E|CS|TAMS 0x00000000fed00000, 0x00000000fed00000| Complete 
|  46|0x00000000fee00000, 0x00000000fef00000, 0x00000000fef00000|100%| E|CS|TAMS 0x00000000fee00000, 0x00000000fee00000| Complete 
|  47|0x00000000fef00000, 0x00000000ff000000, 0x00000000ff000000|100%| E|CS|TAMS 0x00000000fef00000, 0x00000000fef00000| Complete 
|  48|0x00000000ff000000, 0x00000000ff100000, 0x00000000ff100000|100%| S|CS|TAMS 0x00000000ff000000, 0x00000000ff000000| Complete 
|  49|0x00000000ff100000, 0x00000000ff200000, 0x00000000ff200000|100%| S|CS|TAMS 0x00000000ff100000, 0x00000000ff100000| Complete 
|  50|0x00000000ff200000, 0x00000000ff300000, 0x00000000ff300000|100%| E|CS|TAMS 0x00000000ff200000, 0x00000000ff200000| Complete 
|  51|0x00000000ff300000, 0x00000000ff400000, 0x00000000ff400000|100%| E|CS|TAMS 0x00000000ff300000, 0x00000000ff300000| Complete 
|  52|0x00000000ff400000, 0x00000000ff500000, 0x00000000ff500000|100%| E|CS|TAMS 0x00000000ff400000, 0x00000000ff400000| Complete 
|  53|0x00000000ff500000, 0x00000000ff600000, 0x00000000ff600000|100%| E|CS|TAMS 0x00000000ff500000, 0x00000000ff500000| Complete 
|  54|0x00000000ff600000, 0x00000000ff700000, 0x00000000ff700000|100%| E|CS|TAMS 0x00000000ff600000, 0x00000000ff600000| Complete 
|  55|0x00000000ff700000, 0x00000000ff800000, 0x00000000ff800000|100%| E|CS|TAMS 0x00000000ff700000, 0x00000000ff700000| Complete 
|  56|0x00000000ff800000, 0x00000000ff900000, 0x00000000ff900000|100%| E|CS|TAMS 0x00000000ff800000, 0x00000000ff800000| Complete 
|  57|0x00000000ff900000, 0x00000000ffa00000, 0x00000000ffa00000|100%| E|CS|TAMS 0x00000000ff900000, 0x00000000ff900000| Complete 
|  58|0x00000000ffa00000, 0x00000000ffb00000, 0x00000000ffb00000|100%| E|CS|TAMS 0x00000000ffa00000, 0x00000000ffa00000| Complete 
|  59|0x00000000ffb00000, 0x00000000ffc00000, 0x00000000ffc00000|100%| E|CS|TAMS 0x00000000ffb00000, 0x00000000ffb00000| Complete 
|  60|0x00000000ffc00000, 0x00000000ffd00000, 0x00000000ffd00000|100%| E|CS|TAMS 0x00000000ffc00000, 0x00000000ffc00000| Complete 
|  61|0x00000000ffd00000, 0x00000000ffe00000, 0x00000000ffe00000|100%| E|  |TAMS 0x00000000ffd00000, 0x00000000ffd00000| Complete 
|  62|0x00000000ffe00000, 0x00000000fff00000, 0x00000000fff00000|100%| E|CS|TAMS 0x00000000ffe00000, 0x00000000ffe00000| Complete 
|  63|0x00000000fff00000, 0x0000000100000000, 0x0000000100000000|100%| E|CS|TAMS 0x00000000fff00000, 0x00000000fff00000| Complete 

Card table byte_map: [0x0000022db69a0000,0x0000022db69c0000] _byte_map_base: 0x0000022db61c0000

Marking Bits (Prev, Next): (CMBitMap*) 0x0000022db8a034f8, (CMBitMap*) 0x0000022db8a03530
 Prev Bits: [0x0000022db87e0000, 0x0000022db88e0000)
 Next Bits: [0x0000022dd0160000, 0x0000022dd0260000)

Polling page: 0x0000022db6780000

Metaspace:

Usage:
  Non-class:     13.49 MB capacity,    13.27 MB ( 98%) used,   202.48 KB (  1%) free+waste,    21.81 KB ( <1%) overhead. 
      Class:      1.83 MB capacity,     1.70 MB ( 93%) used,   120.05 KB (  6%) free+waste,    10.75 KB ( <1%) overhead. 
       Both:     15.32 MB capacity,    14.97 MB ( 98%) used,   322.53 KB (  2%) free+waste,    32.56 KB ( <1%) overhead. 

Virtual space:
  Non-class space:       14.00 MB reserved,      13.50 MB ( 96%) committed 
      Class space:        1.00 GB reserved,       1.88 MB ( <1%) committed 
             Both:        1.01 GB reserved,      15.38 MB (  1%) committed 

Chunk freelists:
   Non-Class:  11.00 KB
       Class:  13.00 KB
        Both:  24.00 KB

MaxMetaspaceSize: 17179869184.00 GB
CompressedClassSpaceSize: 1.00 GB
Initial GC threshold: 20.80 MB
Current GC threshold: 20.80 MB
CDS: off

CodeHeap 'non-profiled nmethods': size=120064Kb used=458Kb max_used=458Kb free=119605Kb
 bounds [0x0000022dc8c20000, 0x0000022dc8e90000, 0x0000022dd0160000]
CodeHeap 'profiled nmethods': size=120000Kb used=2299Kb max_used=2299Kb free=117700Kb
 bounds [0x0000022dc16f0000, 0x0000022dc1960000, 0x0000022dc8c20000]
CodeHeap 'non-nmethods': size=5696Kb used=1157Kb max_used=1161Kb free=4538Kb
 bounds [0x0000022dc1160000, 0x0000022dc13d0000, 0x0000022dc16f0000]
 total_blobs=1631 nmethods=1213 adapters=331
 compilation: enabled
              stopped_count=0, restarted_count=0
 full_count=0

Compilation events (20 events):
Event: 4.475 Thread 0x0000022dd301e000 nmethod 1203 0x0000022dc1928610 code [0x0000022dc1928840, 0x0000022dc1928e18]
Event: 4.549 Thread 0x0000022dd301e000 1205       3       java.lang.StringCoding::decodeUTF8 (39 bytes)
Event: 4.550 Thread 0x0000022dd301e000 nmethod 1205 0x0000022dc1929010 code [0x0000022dc1929200, 0x0000022dc19294f8]
Event: 4.664 Thread 0x0000022dd301e000 1206       3       java.lang.Long::<init> (10 bytes)
Event: 4.664 Thread 0x0000022dd301e000 nmethod 1206 0x0000022dc1929690 code [0x0000022dc1929840, 0x0000022dc19299f8]
Event: 4.665 Thread 0x0000022dd301e000 1207       3       com.esotericsoftware.kryo.io.Output::writeString (125 bytes)
Event: 4.666 Thread 0x0000022dd301e000 nmethod 1207 0x0000022dc1929b10 code [0x0000022dc1929d40, 0x0000022dc192a358]
Event: 4.666 Thread 0x0000022dd301e000 1208       3       com.esotericsoftware.kryo.io.Output::require (209 bytes)
Event: 4.667 Thread 0x0000022dd301e000 nmethod 1208 0x0000022dc192a590 code [0x0000022dc192a880, 0x0000022dc192b298]
Event: 4.667 Thread 0x0000022dd301e000 1209       3       org.gradle.internal.serialize.kryo.KryoBackedEncoder::writeString (23 bytes)
Event: 4.668 Thread 0x0000022dd301e000 nmethod 1209 0x0000022dc192b690 code [0x0000022dc192b860, 0x0000022dc192bab8]
Event: 5.084 Thread 0x0000022dd301e000 1210       3       java.lang.invoke.VarHandleGuards::guard_LII_Z (70 bytes)
Event: 5.085 Thread 0x0000022dd301e000 nmethod 1210 0x0000022dc192bc10 code [0x0000022dc192bec0, 0x0000022dc192ce68]
Event: 5.086 Thread 0x0000022dd301e000 1211       3       java.lang.invoke.VarHandleInts$FieldInstanceReadWrite::compareAndSet (24 bytes)
Event: 5.086 Thread 0x0000022dd301e000 nmethod 1211 0x0000022dc192d390 code [0x0000022dc192d5a0, 0x0000022dc192da48]
Event: 7.087 Thread 0x0000022dd301e000 1214       3       java.util.concurrent.ThreadPoolExecutor::runStateAtLeast (11 bytes)
Event: 7.087 Thread 0x0000022dd301e000 nmethod 1214 0x0000022dc192dc90 code [0x0000022dc192de40, 0x0000022dc192df78]
Event: 7.179 Thread 0x0000022dd301e000 1215       3       java.util.concurrent.locks.AbstractQueuedSynchronizer::release (33 bytes)
Event: 7.180 Thread 0x0000022dd301e000 nmethod 1215 0x0000022dc192e010 code [0x0000022dc192e1e0, 0x0000022dc192e4b8]
Event: 7.518 Thread 0x0000022dd301e000 1216       3       java.util.concurrent.locks.AbstractQueuedSynchronizer::compareAndSetState (10 bytes)

GC Heap History (2 events):
Event: 1.159 GC heap before
{Heap before GC invocations=0 (full 0):
 garbage-first heap   total 65536K, used 13312K [0x00000000fc000000, 0x0000000100000000)
  region size 1024K, 14 young (14336K), 0 survivors (0K)
 Metaspace       used 7729K, capacity 7937K, committed 8192K, reserved 1056768K
  class space    used 675K, capacity 754K, committed 768K, reserved 1048576K
}
Event: 1.167 GC heap after
{Heap after GC invocations=1 (full 0):
 garbage-first heap   total 65536K, used 3433K [0x00000000fc000000, 0x0000000100000000)
  region size 1024K, 2 young (2048K), 2 survivors (2048K)
 Metaspace       used 7729K, capacity 7937K, committed 8192K, reserved 1056768K
  class space    used 675K, capacity 754K, committed 768K, reserved 1048576K
}

Deoptimization events (20 events):
Event: 2.939 Thread 0x0000022db89e3800 DEOPT PACKING pc=0x0000022dc179647f sp=0x00000039bbaf8520
Event: 2.939 Thread 0x0000022db89e3800 DEOPT UNPACKING pc=0x0000022dc11aa95e sp=0x00000039bbaf7970 mode 0
Event: 3.106 Thread 0x0000022db89e3800 DEOPT PACKING pc=0x0000022dc17e9730 sp=0x00000039bbaf85f0
Event: 3.106 Thread 0x0000022db89e3800 DEOPT UNPACKING pc=0x0000022dc11aa95e sp=0x00000039bbaf7b08 mode 0
Event: 3.132 Thread 0x0000022db89e3800 Uncommon trap: trap_request=0xffffff4d fr.pc=0x0000022dc8c7c370 relative=0x00000000000001b0
Event: 3.132 Thread 0x0000022db89e3800 Uncommon trap: reason=unstable_if action=reinterpret pc=0x0000022dc8c7c370 method=java.util.HashMap.getNode(ILjava/lang/Object;)Ljava/util/HashMap$Node; @ 129 c2
Event: 3.132 Thread 0x0000022db89e3800 DEOPT PACKING pc=0x0000022dc8c7c370 sp=0x00000039bbafa520
Event: 3.132 Thread 0x0000022db89e3800 DEOPT UNPACKING pc=0x0000022dc11aa1af sp=0x00000039bbafa420 mode 2
Event: 3.615 Thread 0x0000022db89e3800 Uncommon trap: trap_request=0xffffff4d fr.pc=0x0000022dc8c6a0b8 relative=0x0000000000001a58
Event: 3.615 Thread 0x0000022db89e3800 Uncommon trap: reason=unstable_if action=reinterpret pc=0x0000022dc8c6a0b8 method=java.io.WinNTFileSystem.normalize(Ljava/lang/String;)Ljava/lang/String; @ 128 c2
Event: 3.615 Thread 0x0000022db89e3800 DEOPT PACKING pc=0x0000022dc8c6a0b8 sp=0x00000039bbaf9fc0
Event: 3.615 Thread 0x0000022db89e3800 DEOPT UNPACKING pc=0x0000022dc11aa1af sp=0x00000039bbaf9f98 mode 2
Event: 4.222 Thread 0x0000022db89e3800 Uncommon trap: trap_request=0xffffff4d fr.pc=0x0000022dc8c58e10 relative=0x0000000000000550
Event: 4.222 Thread 0x0000022db89e3800 Uncommon trap: reason=unstable_if action=reinterpret pc=0x0000022dc8c58e10 method=java.lang.AbstractStringBuilder.append(Ljava/lang/String;)Ljava/lang/AbstractStringBuilder; @ 1 c2
Event: 4.222 Thread 0x0000022db89e3800 DEOPT PACKING pc=0x0000022dc8c58e10 sp=0x00000039bbafc500
Event: 4.222 Thread 0x0000022db89e3800 DEOPT UNPACKING pc=0x0000022dc11aa1af sp=0x00000039bbafc480 mode 2
Event: 4.222 Thread 0x0000022db89e3800 Uncommon trap: trap_request=0xffffff4d fr.pc=0x0000022dc8c53b64 relative=0x0000000000000524
Event: 4.222 Thread 0x0000022db89e3800 Uncommon trap: reason=unstable_if action=reinterpret pc=0x0000022dc8c53b64 method=java.lang.AbstractStringBuilder.append(Ljava/lang/String;)Ljava/lang/AbstractStringBuilder; @ 1 c2
Event: 4.222 Thread 0x0000022db89e3800 DEOPT PACKING pc=0x0000022dc8c53b64 sp=0x00000039bbafc4a0
Event: 4.222 Thread 0x0000022db89e3800 DEOPT UNPACKING pc=0x0000022dc11aa1af sp=0x00000039bbafc488 mode 2

Classes redefined (0 events):
No events

Internal exceptions (14 events):
Event: 0.616 Thread 0x0000022db89e3800 Exception <a 'java/lang/NoSuchMethodError'{0x00000000ffc4b4d8}: 'int java.lang.invoke.DirectMethodHandle$Holder.invokeStaticInit(java.lang.Object, java.lang.Object)'> (0x00000000ffc4b4d8) thrown at [s\src\hotspot\share\interpreter\linkResolver.cpp, line 773]
Event: 0.712 Thread 0x0000022db89e3800 Exception <a 'java/lang/NoSuchMethodError'{0x00000000ffb21f68}: 'int java.lang.invoke.DirectMethodHandle$Holder.invokeSpecial(java.lang.Object, java.lang.Object, java.lang.Object, java.lang.Object)'> (0x00000000ffb21f68) thrown at [s\src\hotspot\share\interpreter\linkResolver.cpp, line 773]
Event: 0.724 Thread 0x0000022db89e3800 Exception <a 'java/lang/NoSuchMethodError'{0x00000000ffb5ab80}: 'int java.lang.invoke.DirectMethodHandle$Holder.invokeSpecialIFC(java.lang.Object, java.lang.Object, int)'> (0x00000000ffb5ab80) thrown at [s\src\hotspot\share\interpreter\linkResolver.cpp, line 773]
Event: 1.702 Thread 0x0000022db89e3800 Implicit null exception at 0x0000022dc8c62075 to 0x0000022dc8c62240
Event: 1.851 Thread 0x0000022db89e3800 Exception <a 'java/lang/NoClassDefFoundError'{0x00000000ff6b4160}: org/slf4j/impl/StaticMarkerBinder> (0x00000000ff6b4160) thrown at [s\src\hotspot\share\classfile\systemDictionary.cpp, line 219]
Event: 1.912 Thread 0x0000022db89e3800 Exception <a 'java/lang/NoSuchMethodError'{0x00000000ff5b5a98}: 'java.lang.Object java.lang.invoke.DirectMethodHandle$Holder.invokeVirtual(java.lang.Object, java.lang.Object, java.lang.Object, java.lang.Object, java.lang.Object, java.lang.Object, java.lang.Object)'> (0x00000000ff5b5a98) thrown at [s\src\hotspot\share\interpreter\linkResolver.cpp, line 773]
Event: 1.915 Thread 0x0000022db89e3800 Exception <a 'java/lang/NoSuchMethodError'{0x00000000ff5c9ce8}: 'java.lang.Object java.lang.invoke.Invokers$Holder.invoker(java.lang.Object, java.lang.Object, java.lang.Object)'> (0x00000000ff5c9ce8) thrown at [s\src\hotspot\share\interpreter\linkResolver.cpp, line 773]
Event: 1.923 Thread 0x0000022db89e3800 Exception <a 'java/lang/NoSuchMethodError'{0x00000000ff5da7b8}: 'void java.lang.invoke.DelegatingMethodHandle$Holder.delegate(java.lang.Object, java.lang.Object, int, java.lang.Object)'> (0x00000000ff5da7b8) thrown at [s\src\hotspot\share\interpreter\linkResolver.cpp, line 773]
Event: 2.839 Thread 0x0000022db89e3800 Exception <a 'java/lang/NoSuchMethodError'{0x00000000feac9f88}: 'java.lang.Object java.lang.invoke.DirectMethodHandle$Holder.invokeStaticInit(java.lang.Object, java.lang.Object, java.lang.Object)'> (0x00000000feac9f88) thrown at [s\src\hotspot\share\interpreter\linkResolver.cpp, line 773]
Event: 3.205 Thread 0x0000022db89e3800 Exception <a 'java/lang/NoSuchMethodError'{0x00000000fe5da0f0}: 'java.lang.Object java.lang.invoke.DirectMethodHandle$Holder.invokeStaticInit(java.lang.Object, int, int, int, int)'> (0x00000000fe5da0f0) thrown at [s\src\hotspot\share\interpreter\linkResolver.cpp, line 773]
Event: 3.654 Thread 0x0000022db89e3800 Exception <a 'java/lang/NoSuchMethodError'{0x00000000fe4a4a28}: 'java.lang.Object java.lang.invoke.DirectMethodHandle$Holder.invokeStaticInit(java.lang.Object, java.lang.Object, int, int, int, int)'> (0x00000000fe4a4a28) thrown at [s\src\hotspot\share\interpreter\linkResolver.cpp, line 773]
Event: 4.214 Thread 0x0000022db89e3800 Exception <a 'java/lang/NoSuchMethodError'{0x00000000fe36bd88}: 'void java.lang.invoke.DirectMethodHandle$Holder.invokeSpecial(java.lang.Object, java.lang.Object)'> (0x00000000fe36bd88) thrown at [s\src\hotspot\share\interpreter\linkResolver.cpp, line 773]
Event: 4.222 Thread 0x0000022db89e3800 Implicit null exception at 0x0000022dc8c588f4 to 0x0000022dc8c58df8
Event: 4.222 Thread 0x0000022db89e3800 Implicit null exception at 0x0000022dc8c53674 to 0x0000022dc8c53b4c

Events (20 events):
Event: 4.887 Thread 0x0000022dd3f25000 Thread added: 0x0000022dd3f25000
Event: 4.887 loading class org/gradle/internal/io/StreamByteBuffer
Event: 4.887 loading class org/gradle/internal/io/StreamByteBuffer done
Event: 4.889 loading class org/gradle/internal/io/StreamByteBuffer$StreamByteBufferInputStream
Event: 4.889 loading class org/gradle/internal/io/StreamByteBuffer$StreamByteBufferInputStream done
Event: 4.890 loading class org/gradle/internal/io/StreamByteBuffer$StreamByteBufferOutputStream
Event: 4.890 loading class org/gradle/internal/io/StreamByteBuffer$StreamByteBufferOutputStream done
Event: 4.890 loading class java/nio/charset/CharacterCodingException
Event: 4.890 loading class java/nio/charset/CharacterCodingException done
Event: 4.891 loading class org/gradle/internal/io/StreamByteBuffer$StreamByteBufferChunk
Event: 4.891 loading class org/gradle/internal/io/StreamByteBuffer$StreamByteBufferChunk done
Event: 4.892 loading class org/gradle/launcher/daemon/client/InputForwarder$1
Event: 4.892 loading class org/gradle/launcher/daemon/client/InputForwarder$1 done
Event: 4.893 loading class java/nio/channels/AsynchronousCloseException
Event: 4.893 loading class java/nio/channels/ClosedChannelException
Event: 4.893 loading class java/nio/channels/ClosedChannelException done
Event: 4.893 loading class java/nio/channels/AsynchronousCloseException done
Event: 4.894 loading class org/gradle/internal/concurrent/ManagedExecutorImpl$1
Event: 4.894 loading class org/gradle/internal/concurrent/ManagedExecutorImpl$1 done
Event: 4.894 Thread 0x0000022dd3f84800 Thread added: 0x0000022dd3f84800


Dynamic libraries:
0x00007ff7bf760000 - 0x00007ff7bf76d000 	C:\Program Files\Microsoft\jdk-11.0.20.8-hotspot\bin\java.exe
0x00007fff52230000 - 0x00007fff52428000 	C:\WINDOWS\SYSTEM32\ntdll.dll
0x00007fff51e20000 - 0x00007fff51edd000 	C:\WINDOWS\System32\KERNEL32.DLL
0x00007fff4fcc0000 - 0x00007fff4ffb6000 	C:\WINDOWS\System32\KERNELBASE.dll
0x00007fff4f8e0000 - 0x00007fff4f9e0000 	C:\WINDOWS\System32\ucrtbase.dll
0x00007fff2b0a0000 - 0x00007fff2b0b5000 	C:\Program Files\Microsoft\jdk-11.0.20.8-hotspot\bin\VCRUNTIME140.dll
0x00007fff2b100000 - 0x00007fff2b117000 	C:\Program Files\Microsoft\jdk-11.0.20.8-hotspot\bin\jli.dll
0x00007fff50ca0000 - 0x00007fff50e3e000 	C:\WINDOWS\System32\USER32.dll
0x00007fff4ffc0000 - 0x00007fff4ffe2000 	C:\WINDOWS\System32\win32u.dll
0x00007fff50770000 - 0x00007fff5079b000 	C:\WINDOWS\System32\GDI32.dll
0x00007fff4f9e0000 - 0x00007fff4faf7000 	C:\WINDOWS\System32\gdi32full.dll
0x00007fff50060000 - 0x00007fff500fd000 	C:\WINDOWS\System32\msvcp_win.dll
0x00007fff3a0f0000 - 0x00007fff3a38a000 	C:\WINDOWS\WinSxS\amd64_microsoft.windows.common-controls_6595b64144ccf1df_6.0.19041.3636_none_60b6a03d71f818d5\COMCTL32.dll
0x00007fff50260000 - 0x00007fff502fe000 	C:\WINDOWS\System32\msvcrt.dll
0x00007fff51de0000 - 0x00007fff51e12000 	C:\WINDOWS\System32\IMM32.DLL
0x00007fff1fe30000 - 0x00007fff1fecb000 	C:\Program Files\Microsoft\jdk-11.0.20.8-hotspot\bin\msvcp140.dll
0x00007fff01f50000 - 0x00007fff02ae6000 	C:\Program Files\Microsoft\jdk-11.0.20.8-hotspot\bin\server\jvm.dll
0x00007fff507a0000 - 0x00007fff50850000 	C:\WINDOWS\System32\ADVAPI32.dll
0x00007fff50300000 - 0x00007fff503a0000 	C:\WINDOWS\System32\sechost.dll
0x00007fff520a0000 - 0x00007fff521c5000 	C:\WINDOWS\System32\RPCRT4.dll
0x00007fff4fb00000 - 0x00007fff4fb27000 	C:\WINDOWS\System32\bcrypt.dll
0x00007fff521e0000 - 0x00007fff521e8000 	C:\WINDOWS\System32\PSAPI.DLL
0x00007fff3bad0000 - 0x00007fff3bad9000 	C:\WINDOWS\SYSTEM32\WSOCK32.dll
0x00007fff36860000 - 0x00007fff36887000 	C:\WINDOWS\SYSTEM32\WINMM.dll
0x00007fff50700000 - 0x00007fff5076b000 	C:\WINDOWS\System32\WS2_32.dll
0x00007fff3ff00000 - 0x00007fff3ff0a000 	C:\WINDOWS\SYSTEM32\VERSION.dll
0x00007fff4d790000 - 0x00007fff4d7a2000 	C:\WINDOWS\SYSTEM32\kernel.appcore.dll
0x00007fff49bf0000 - 0x00007fff49c00000 	C:\Program Files\Microsoft\jdk-11.0.20.8-hotspot\bin\verify.dll
0x00007fff355f0000 - 0x00007fff357d4000 	C:\WINDOWS\SYSTEM32\DBGHELP.DLL
0x00007fff355b0000 - 0x00007fff355e4000 	C:\WINDOWS\SYSTEM32\dbgcore.DLL
0x00007fff4fb30000 - 0x00007fff4fbb2000 	C:\WINDOWS\System32\bcryptPrimitives.dll
0x00007fff2ada0000 - 0x00007fff2adc8000 	C:\Program Files\Microsoft\jdk-11.0.20.8-hotspot\bin\java.dll
0x00007fff49070000 - 0x00007fff4907a000 	C:\Program Files\Microsoft\jdk-11.0.20.8-hotspot\bin\jimage.dll
0x00007fff2af50000 - 0x00007fff2af68000 	C:\Program Files\Microsoft\jdk-11.0.20.8-hotspot\bin\zip.dll
0x00007fff51670000 - 0x00007fff51ddb000 	C:\WINDOWS\System32\SHELL32.dll
0x00007fff4d990000 - 0x00007fff4e12e000 	C:\WINDOWS\SYSTEM32\windows.storage.dll
0x00007fff503a0000 - 0x00007fff506f3000 	C:\WINDOWS\System32\combase.dll
0x00007fff4f310000 - 0x00007fff4f33e000 	C:\WINDOWS\SYSTEM32\Wldp.dll
0x00007fff515a0000 - 0x00007fff5166d000 	C:\WINDOWS\System32\OLEAUT32.dll
0x00007fff508b0000 - 0x00007fff5095d000 	C:\WINDOWS\System32\SHCORE.dll
0x00007fff50850000 - 0x00007fff508a5000 	C:\WINDOWS\System32\shlwapi.dll
0x00007fff4f810000 - 0x00007fff4f835000 	C:\WINDOWS\SYSTEM32\profapi.dll
0x00007fff32a90000 - 0x00007fff32aa9000 	C:\Program Files\Microsoft\jdk-11.0.20.8-hotspot\bin\net.dll
0x00007fff44190000 - 0x00007fff4429a000 	C:\WINDOWS\SYSTEM32\WINHTTP.dll
0x00007fff4f070000 - 0x00007fff4f0da000 	C:\WINDOWS\system32\mswsock.dll
0x00007fff240b0000 - 0x00007fff240c3000 	C:\Program Files\Microsoft\jdk-11.0.20.8-hotspot\bin\nio.dll
0x00007fff49660000 - 0x00007fff49687000 	C:\Users\thinkpad\.gradle\native\68d5fa5c4cc2d200863cafc0d521ce42e7d3e7ee720ec0a83991735586a16f82\windows-amd64\native-platform.dll
0x00007fff488e0000 - 0x00007fff488e9000 	C:\Program Files\Microsoft\jdk-11.0.20.8-hotspot\bin\management.dll
0x00007fff488d0000 - 0x00007fff488db000 	C:\Program Files\Microsoft\jdk-11.0.20.8-hotspot\bin\management_ext.dll
0x00007fff4f270000 - 0x00007fff4f288000 	C:\WINDOWS\SYSTEM32\CRYPTSP.dll
0x00007fff4e930000 - 0x00007fff4e964000 	C:\WINDOWS\system32\rsaenh.dll
0x00007fff4f7d0000 - 0x00007fff4f7fe000 	C:\WINDOWS\SYSTEM32\USERENV.dll
0x00007fff4f260000 - 0x00007fff4f26c000 	C:\WINDOWS\SYSTEM32\CRYPTBASE.dll
0x00007fff4ed10000 - 0x00007fff4ed4b000 	C:\WINDOWS\SYSTEM32\IPHLPAPI.DLL
0x00007fff521d0000 - 0x00007fff521d8000 	C:\WINDOWS\System32\NSI.dll
0x00007fff45840000 - 0x00007fff45857000 	C:\WINDOWS\SYSTEM32\dhcpcsvc6.DLL
0x00007fff46310000 - 0x00007fff4632d000 	C:\WINDOWS\SYSTEM32\dhcpcsvc.DLL
0x00007fff4ed50000 - 0x00007fff4ee1b000 	C:\WINDOWS\SYSTEM32\DNSAPI.dll

dbghelp: loaded successfully - version: 4.0.5 - missing functions: none
symbol engine: initialized successfully - sym options: 0x614 - pdb path: .;C:\Program Files\Microsoft\jdk-11.0.20.8-hotspot\bin;C:\WINDOWS\SYSTEM32;C:\WINDOWS\WinSxS\amd64_microsoft.windows.common-controls_6595b64144ccf1df_6.0.19041.3636_none_60b6a03d71f818d5;C:\Program Files\Microsoft\jdk-11.0.20.8-hotspot\bin\server;C:\Users\thinkpad\.gradle\native\68d5fa5c4cc2d200863cafc0d521ce42e7d3e7ee720ec0a83991735586a16f82\windows-amd64

VM Arguments:
jvm_args: -Xmx64m -Xms64m -Dorg.gradle.appname=gradlew 
java_command: org.gradle.wrapper.GradleWrapperMain app:installDebug -PreactNativeDevServerPort=8081
java_class_path (initial): D:\PosEase\PosEase\android\\gradle\wrapper\gradle-wrapper.jar
Launcher Type: SUN_STANDARD

[Global flags]
     intx CICompilerCount                          = 3                                         {product} {ergonomic}
     uint ConcGCThreads                            = 1                                         {product} {ergonomic}
     uint G1ConcRefinementThreads                  = 4                                         {product} {ergonomic}
   size_t G1HeapRegionSize                         = 1048576                                   {product} {ergonomic}
    uintx GCDrainStackTargetSize                   = 64                                        {product} {ergonomic}
   size_t InitialHeapSize                          = 67108864                                  {product} {command line}
   size_t MarkStackSize                            = 4194304                                   {product} {ergonomic}
   size_t MaxHeapSize                              = 67108864                                  {product} {command line}
   size_t MaxNewSize                               = 39845888                                  {product} {ergonomic}
   size_t MinHeapDeltaBytes                        = 1048576                                   {product} {ergonomic}
    uintx NonNMethodCodeHeapSize                   = 5830732                                {pd product} {ergonomic}
    uintx NonProfiledCodeHeapSize                  = 122913754                              {pd product} {ergonomic}
    uintx ProfiledCodeHeapSize                     = 122913754                              {pd product} {ergonomic}
    uintx ReservedCodeCacheSize                    = 251658240                              {pd product} {ergonomic}
     bool SegmentedCodeCache                       = true                                      {product} {ergonomic}
     bool UseCompressedClassPointers               = true                                 {lp64_product} {ergonomic}
     bool UseCompressedOops                        = true                                 {lp64_product} {ergonomic}
     bool UseG1GC                                  = true                                      {product} {ergonomic}
     bool UseLargePagesIndividualAllocation        = false                                  {pd product} {ergonomic}

Logging:
Log output configuration:
 #0: stdout all=warning uptime,level,tags
 #1: stderr all=off uptime,level,tags

Environment Variables:
JAVA_HOME=C:\Program Files\Microsoft\jdk-11.0.20.8-hotspot\
CLASSPATH=D:\PosEase\PosEase\android\\gradle\wrapper\gradle-wrapper.jar
PATH=D:\PosEase\PosEase\node_modules\.bin;D:\PosEase\PosEase\node_modules\.bin;D:\PosEase\node_modules\.bin;D:\node_modules\.bin;C:\Program Files\nodejs\node_modules\npm\node_modules\@npmcli\run-script\lib\node-gyp-bin;D:\PosEase\PosEase\node_modules\.bin;D:\PosEase\node_modules\.bin;D:\node_modules\.bin;C:\Program Files\nodejs\node_modules\npm\node_modules\@npmcli\run-script\lib\node-gyp-bin;C:\Program Files\Common Files\Oracle\Java\javapath;C:\Program Files\Microsoft\jdk-11.0.20.8-hotspot\bin;C:\WINDOWS\system32;C:\WINDOWS;C:\WINDOWS\System32\Wbem;C:\WINDOWS\System32\WindowsPowerShell\v1.0\;C:\WINDOWS\System32\OpenSSH\;C:\mingw\bin;C:\ProgramData\chocolatey\bin;C:\Program Files\Git\cmd;C:\Users\thinkpad\AppData\Local\Android\Sdk\platform-tools;C:\Users\thinkpad\Downloads\Compressed\sonar-scanner-cli-5.0.1.3006-windows\sonar-scanner-5.0.1.3006-windows\bin;C:\Program Files\nodejs\;C:\Program Files\GitHub CLI\;C:\Users\thinkpad\AppData\Local\Programs\Python\Python311\Scripts\;C:\Users\thinkpad\AppData\Local\Programs\Python\Python311\;C:\Users\thinkpad\AppData\Local\Programs\Python\Python312\Scripts\;C:\Users\thinkpad\AppData\Local\Programs\Python\Python312\;C:\Users\thinkpad\AppData\Local\Programs\Python\Launcher\;C:\Users\thinkpad\AppData\Local\Microsoft\WindowsApps;;C:\Users\thinkpad\AppData\Local\Programs\Microsoft VS Code\bin;C:\Users\thinkpad\AppData\Roaming\npm
USERNAME=thinkpad
LANG=en_US.UTF-8
OS=Windows_NT
PROCESSOR_IDENTIFIER=Intel64 Family 6 Model 78 Stepping 3, GenuineIntel
TMP=C:\Users\thinkpad\AppData\Local\Temp
TEMP=C:\Users\thinkpad\AppData\Local\Temp



---------------  S Y S T E M  ---------------

OS: Windows 10 , 64 bit Build 19041 (10.0.19041.3636)
OS uptime: 18 days 9:21 hours

CPU:total 4 (initial active 4) (2 cores per cpu, 2 threads per core) family 6 model 78 stepping 3 microcode 0xcc, cmov, cx8, fxsr, mmx, sse, sse2, sse3, ssse3, sse4.1, sse4.2, popcnt, avx, avx2, aes, clmul, erms, rtm, 3dnowpref, lzcnt, ht, tsc, tscinvbit, bmi1, bmi2, adx, fma

Memory: 4k page, system-wide physical 7603M (456M free)
TotalPageFile size 26210M (AvailPageFile size 1108M)
current process WorkingSet (physical memory assigned to process): 86M, peak: 90M
current process commit charge ("private bytes"): 150M, peak: 153M

vm_info: OpenJDK 64-Bit Server VM (11.0.20+8-LTS) for windows-amd64 JRE (11.0.20+8-LTS), built on Jul  7 2023 17:05:21 by "MicrosoftCorporation" with MS VC++ 15.9 (VS2017)

END.
